<?xml version="1.0" encoding="UTF-8"?>
<!-- Generated by org.testng.reporters.JUnitXMLReporter -->
<testsuite ignored="0" hostname="Believer-HJ007" failures="1" tests="2" name="Module_oneTest" time="17.505" errors="0" timestamp="2023-02-28T12:25:15 IST">
  <testcase classname="parameter.ParameterTest_ExtentReport" name="JavaSearchTest" time="7.183"/>
  <testcase classname="parameter.ParameterTest_ExtentReport" name="SeleniumSearchTest" time="6.27">
    <failure type="java.lang.AssertionError" message="expected [elenium Tutorial - Google Search] but found [Selenium Tutorial - Google Search]">
      <![CDATA[java.lang.AssertionError: expected [elenium Tutorial - Google Search] but found [Selenium Tutorial - Google Search]
at parameter.ParameterTest_ExtentReport.SeleniumSearchTest(ParameterTest_ExtentReport.java:88)
at java.base/java.util.ArrayList.forEach(ArrayList.java:1511)
at java.base/java.util.concurrent.FutureTask.run(FutureTask.java:264)
at java.base/java.util.concurrent.ThreadPoolExecutor.runWorker(ThreadPoolExecutor.java:1136)
at java.base/java.util.concurrent.ThreadPoolExecutor$Worker.run(ThreadPoolExecutor.java:635)
at java.base/java.lang.Thread.run(Thread.java:833)
... Removed 23 stack frames]]>
    </failure>
  </testcase> <!-- SeleniumSearchTest -->
</testsuite> <!-- Module_oneTest -->
